#
# There is insufficient memory for the Java Runtime Environment to continue.
# Native memory allocation (mmap) failed to map 134217728 bytes for G1 virtual space
# Possible reasons:
#   The system is out of physical RAM or swap space
#   The process is running with CompressedOops enabled, and the Java Heap may be blocking the growth of the native heap
# Possible solutions:
#   Reduce memory load on the system
#   Increase physical memory or swap space
#   Check if swap backing store is full
#   Decrease Java heap size (-Xmx/-Xms)
#   Decrease number of Java threads
#   Decrease Java thread stack sizes (-Xss)
#   Set larger code cache with -XX:ReservedCodeCacheSize=
#   JVM is running with Unscaled Compressed Oops mode in which the Java heap is
#     placed in the first 4GB address space. The Java Heap base address is the
#     maximum limit for the native heap growth. Please use -XX:HeapBaseMinAddress
#     to set the Java Heap base and to place the Java Heap above 4GB virtual address.
# This output file may be truncated or incomplete.
#
#  Out of Memory Error (os_windows.cpp:3536), pid=7068, tid=6416
#
# JRE version:  (19.0.2+7) (build )
# Java VM: Java HotSpot(TM) 64-Bit Server VM (19.0.2+7-44, mixed mode, sharing, tiered, compressed oops, compressed class ptrs, g1 gc, windows-amd64)
# No core dump will be written. Minidumps are not enabled by default on client versions of Windows
#

---------------  S U M M A R Y ------------

Command Line: 

Host: Intel(R) Core(TM) i5-6300U CPU @ 2.40GHz, 4 cores, 7G,  Windows 10 , 64 bit Build 19041 (10.0.19041.2546)
Time: Sat Mar 18 01:48:02 2023 Romance Standard Time elapsed time: 0.201906 seconds (0d 0h 0m 0s)

---------------  T H R E A D  ---------------

Current thread (0x000001f2ca11fb10):  JavaThread "Unknown thread" [_thread_in_vm, id=6416, stack(0x000000942c500000,0x000000942c600000)]

Stack: [0x000000942c500000,0x000000942c600000]
Native frames: (J=compiled Java code, j=interpreted, Vv=VM code, C=native code)
V  [jvm.dll+0x6ee21a]
V  [jvm.dll+0x85765e]
V  [jvm.dll+0x85904e]
V  [jvm.dll+0x859703]
V  [jvm.dll+0x28298f]
V  [jvm.dll+0x6eb009]
V  [jvm.dll+0x6dfbaa]
V  [jvm.dll+0x3573f6]
V  [jvm.dll+0x35ee56]
V  [jvm.dll+0x3b541e]
V  [jvm.dll+0x3b564f]
V  [jvm.dll+0x32c9ea]
V  [jvm.dll+0x32d89e]
V  [jvm.dll+0x821780]
V  [jvm.dll+0x3c2661]
V  [jvm.dll+0x801f51]
V  [jvm.dll+0x44ae8f]
V  [jvm.dll+0x44c811]
C  [jli.dll+0x5287]
C  [ucrtbase.dll+0x21bb2]
C  [KERNEL32.DLL+0x17614]
C  [ntdll.dll+0x526a1]


---------------  P R O C E S S  ---------------

Threads class SMR info:
_java_thread_list=0x00007ffc2abcd048, length=0, elements={
}

Java Threads: ( => current thread )

Other Threads:
  0x000001f2ca17f650 WorkerThread "GC Thread#0" [stack: 0x000000942c600000,0x000000942c700000] [id=6636]
  0x000001f2ca190270 ConcurrentGCThread "G1 Main Marker" [stack: 0x000000942c700000,0x000000942c800000] [id=11352]
  0x000001f2ca191e50 WorkerThread "G1 Conc#0" [stack: 0x000000942c800000,0x000000942c900000] [id=16672]

[error occurred during error reporting (printing all threads), id 0xc0000005, EXCEPTION_ACCESS_VIOLATION (0xc0000005) at pc=0x00007ffc2a38d427]

VM state: not at safepoint (not fully initialized)

VM Mutex/Monitor currently owned by a thread:  ([mutex/lock_event])
[0x000001f2c80fc840] Heap_lock - owner thread: 0x000001f2ca11fb10

Heap address: 0x0000000081a00000, size: 2022 MB, Compressed Oops mode: 32-bit

CDS archive(s) mapped at: [0x0000000000000000-0x0000000000000000-0x0000000000000000), size 0, SharedBaseAddress: 0x0000000800000000, ArchiveRelocationMode: 0.
Narrow klass base: 0x0000000000000000, Narrow klass shift: 0, Narrow klass range: 0x0

GC Precious Log:
 CardTable entry size: 512
 Card Set container configuration: InlinePtr #cards 5 size 8 Array Of Cards #cards 12 size 40 Howl #buckets 4 coarsen threshold 1843 Howl Bitmap #cards 512 size 80 coarsen threshold 460 Card regions per heap region 1 cards per card region 2048

Heap:
 garbage-first heap   total 0K, used 0K [0x0000000081a00000, 0x0000000100000000)
  region size 1024K, 0 young (0K), 0 survivors (0K)

[error occurred during error reporting (printing heap information), id 0xc0000005, EXCEPTION_ACCESS_VIOLATION (0xc0000005) at pc=0x00007ffc2a796649]

GC Heap History (0 events):
No events

Dll operation events (1 events):
Event: 0.135 Loaded shared library C:\Program Files\Java\jdk-19\bin\java.dll

Deoptimization events (0 events):
No events

Classes loaded (0 events):
No events

Classes unloaded (0 events):
No events

Classes redefined (0 events):
No events

Internal exceptions (0 events):
No events

VM Operations (0 events):
No events

Events (0 events):
No events


Dynamic libraries:
0x00007ff7c2af0000 - 0x00007ff7c2b00000 	C:\Program Files\Java\jdk-19\bin\java.exe
0x00007ffc9aad0000 - 0x00007ffc9acc8000 	C:\WINDOWS\SYSTEM32\ntdll.dll
0x00007ffc9a1d0000 - 0x00007ffc9a28f000 	C:\WINDOWS\System32\KERNEL32.DLL
0x00007ffc982d0000 - 0x00007ffc985a2000 	C:\WINDOWS\System32\KERNELBASE.dll
0x00007ffc98760000 - 0x00007ffc98860000 	C:\WINDOWS\System32\ucrtbase.dll
0x00007ffc918d0000 - 0x00007ffc918e8000 	C:\Program Files\Java\jdk-19\bin\jli.dll
0x00007ffc99250000 - 0x00007ffc992fe000 	C:\WINDOWS\System32\ADVAPI32.dll
0x00007ffc9a300000 - 0x00007ffc9a39e000 	C:\WINDOWS\System32\msvcrt.dll
0x00007ffc9a3a0000 - 0x00007ffc9a43c000 	C:\WINDOWS\System32\sechost.dll
0x00007ffc98b10000 - 0x00007ffc98c35000 	C:\WINDOWS\System32\RPCRT4.dll
0x00007ffc916b0000 - 0x00007ffc916cb000 	C:\Program Files\Java\jdk-19\bin\VCRUNTIME140.dll
0x00007ffc99590000 - 0x00007ffc99731000 	C:\WINDOWS\System32\USER32.dll
0x00007ffc986c0000 - 0x00007ffc986e2000 	C:\WINDOWS\System32\win32u.dll
0x00007ffc9a0f0000 - 0x00007ffc9a11b000 	C:\WINDOWS\System32\GDI32.dll
0x00007ffc985b0000 - 0x00007ffc986bf000 	C:\WINDOWS\System32\gdi32full.dll
0x00007ffc989c0000 - 0x00007ffc98a5d000 	C:\WINDOWS\System32\msvcp_win.dll
0x00007ffc88150000 - 0x00007ffc8815a000 	C:\WINDOWS\SYSTEM32\VERSION.dll
0x00007ffc74990000 - 0x00007ffc74c2a000 	C:\WINDOWS\WinSxS\amd64_microsoft.windows.common-controls_6595b64144ccf1df_6.0.19041.1110_none_60b5254171f9507e\COMCTL32.dll
0x00007ffc9a0b0000 - 0x00007ffc9a0e2000 	C:\WINDOWS\System32\IMM32.DLL
0x00007ffc938d0000 - 0x00007ffc938dc000 	C:\Program Files\Java\jdk-19\bin\vcruntime140_1.dll
0x00007ffc6d720000 - 0x00007ffc6d7ae000 	C:\Program Files\Java\jdk-19\bin\msvcp140.dll
0x00007ffc2a050000 - 0x00007ffc2ad10000 	C:\Program Files\Java\jdk-19\bin\server\jvm.dll
0x00007ffc968b0000 - 0x00007ffc968b9000 	C:\WINDOWS\SYSTEM32\WSOCK32.dll
0x00007ffc98e80000 - 0x00007ffc98eeb000 	C:\WINDOWS\System32\WS2_32.dll
0x00007ffc83d30000 - 0x00007ffc83d57000 	C:\WINDOWS\SYSTEM32\WINMM.dll
0x00007ffc969d0000 - 0x00007ffc969e2000 	C:\WINDOWS\SYSTEM32\kernel.appcore.dll
0x00007ffc937e0000 - 0x00007ffc937ea000 	C:\Program Files\Java\jdk-19\bin\jimage.dll
0x00007ffc966a0000 - 0x00007ffc96884000 	C:\WINDOWS\SYSTEM32\DBGHELP.DLL
0x00007ffc84390000 - 0x00007ffc843c5000 	C:\WINDOWS\SYSTEM32\dbgcore.DLL
0x00007ffc981c0000 - 0x00007ffc98242000 	C:\WINDOWS\System32\bcryptPrimitives.dll
0x00007ffc8f960000 - 0x00007ffc8f986000 	C:\Program Files\Java\jdk-19\bin\java.dll

dbghelp: loaded successfully - version: 4.0.5 - missing functions: none
symbol engine: initialized successfully - sym options: 0x614 - pdb path: .;C:\Program Files\Java\jdk-19\bin;C:\WINDOWS\SYSTEM32;C:\WINDOWS\WinSxS\amd64_microsoft.windows.common-controls_6595b64144ccf1df_6.0.19041.1110_none_60b5254171f9507e;C:\Program Files\Java\jdk-19\bin\server

VM Arguments:
java_command: <unknown>
java_class_path (initial): <not set>
Launcher Type: SUN_STANDARD

[Global flags]
     intx CICompilerCount                          = 3                                         {product} {ergonomic}
     uint ConcGCThreads                            = 1                                         {product} {ergonomic}
     uint G1ConcRefinementThreads                  = 4                                         {product} {ergonomic}
   size_t G1HeapRegionSize                         = 1048576                                   {product} {ergonomic}
    uintx GCDrainStackTargetSize                   = 64                                        {product} {ergonomic}
   size_t InitialHeapSize                          = 134217728                                 {product} {ergonomic}
   size_t MarkStackSize                            = 4194304                                   {product} {ergonomic}
   size_t MaxHeapSize                              = 2120220672                                {product} {ergonomic}
   size_t MinHeapDeltaBytes                        = 1048576                                   {product} {ergonomic}
   size_t MinHeapSize                              = 8388608                                   {product} {ergonomic}
    uintx NonNMethodCodeHeapSize                   = 5832780                                {pd product} {ergonomic}
    uintx NonProfiledCodeHeapSize                  = 122912730                              {pd product} {ergonomic}
    uintx ProfiledCodeHeapSize                     = 122912730                              {pd product} {ergonomic}
    uintx ReservedCodeCacheSize                    = 251658240                              {pd product} {ergonomic}
     bool SegmentedCodeCache                       = true                                      {product} {ergonomic}
   size_t SoftMaxHeapSize                          = 2120220672                             {manageable} {ergonomic}
     bool UseCompressedClassPointers               = true                           {product lp64_product} {ergonomic}
     bool UseCompressedOops                        = true                           {product lp64_product} {ergonomic}
     bool UseG1GC                                  = true                                      {product} {ergonomic}
     bool UseLargePagesIndividualAllocation        = false                                  {pd product} {ergonomic}

Logging:
Log output configuration:
 #0: stdout all=warning uptime,level,tags foldmultilines=false
 #1: stderr all=off uptime,level,tags foldmultilines=false

Environment Variables:
PATH=C:\Program Files\Common Files\Oracle\Java\javapath;C:\Python311\Scripts\;C:\Python311\;C:\oraclexe\app\oracle\product\11.2.0\server\bin;C:\DevSuiteHome_2\jdk\jre\bin\classic;C:\DevSuiteHome_2\jdk\jre\bin;C:\DevSuiteHome_2\jdk\jre\bin\client;C:\DevSuiteHome_2\jlib;C:\DevSuiteHome_2\bin;C:\DevSuiteHome_2\jre\1.4.2\bin\client;C:\DevSuiteHome_2\jre\1.4.2\bin;C:\Program Files (x86)\VMware\VMware Player\bin\;C:\WINDOWS\system32;C:\WINDOWS;C:\WINDOWS\System32\Wbem;C:\WINDOWS\System32\WindowsPowerShell\v1.0\;C:\WINDOWS\System32\OpenSSH\;C:\Program Files\dotnet\;C:\Program Files\Microsoft SQL Server\130\Tools\Binn\;C:\Program Files\Microsoft SQL Server\Client SDK\ODBC\170\Tools\Binn\;C:\Program Files (x86)\Microsoft SQL Server\110\DTS\Binn\;C:\Program Files (x86)\Microsoft SQL Server\120\DTS\Binn\;C:\Program Files (x86)\Microsoft SQL Server\130\DTS\Binn\;C:\Program Files (x86)\Microsoft SQL Server\140\DTS\Binn\;C:\Program Files (x86)\Microsoft SQL Server\150\DTS\Binn\;C:\Program Files (x86)\Microsoft SQL Server\160\DTS\Binn\;C:\Program Files (x86)\Microsoft SQL Server\150\Tools\Binn\;C:\Program Files\Microsoft SQL Server\150\Tools\Binn\;C:\Program Files\Microsoft SQL Server\150\DTS\Binn\;C:\ProgramData\chocolatey\bin;C:\Program Files\Git\cmd;C:\Program Files\nodejs\;C:\Program Files\Docker\Docker\resources\bin;C:\Program Files\Java\jre1.8.0_351\bin;C:\Users\amine\AppData\Local\Programs\Microsoft VS Code\bin;C:\src\flutter_windows_3.3.10-stable\flutter\bin;C:\Program Files\Java\jdk-19\bin;C:\Program Files\MongoDB\Server\6.0\bin;C:\Program Files\Docker\Docker\resources\bin;
USERNAME=amine
OS=Windows_NT
PROCESSOR_IDENTIFIER=Intel64 Family 6 Model 78 Stepping 3, GenuineIntel
TMP=C:\Users\amine\AppData\Local\Temp
TEMP=C:\Users\amine\AppData\Local\Temp



---------------  S Y S T E M  ---------------

OS:
 Windows 10 , 64 bit Build 19041 (10.0.19041.2546)
OS uptime: 1 days 22:20 hours
Hyper-V role detected

CPU: total 4 (initial active 4) (2 cores per cpu, 2 threads per core) family 6 model 78 stepping 3 microcode 0xcc, cx8, cmov, fxsr, ht, mmx, 3dnowpref, sse, sse2, sse3, ssse3, sse4.1, sse4.2, popcnt, lzcnt, tsc, tscinvbit, avx, avx2, aes, erms, clmul, bmi1, bmi2, rtm, adx, fma, vzeroupper, clflush, clflushopt, hv, rdtscp

Memory: 4k page, system-wide physical 8084M (510M free)
TotalPageFile size 13204M (AvailPageFile size 54M)
current process WorkingSet (physical memory assigned to process): 10M, peak: 10M
current process commit charge ("private bytes"): 52M, peak: 180M

vm_info: Java HotSpot(TM) 64-Bit Server VM (19.0.2+7-44) for windows-amd64 JRE (19.0.2+7-44), built on 2022-11-30T18:02:09Z by "mach5one" with MS VC++ 17.1 (VS2022)

END.
