#
# There is insufficient memory for the Java Runtime Environment to continue.
# Native memory allocation (mmap) failed to map 65536 bytes for Failed to commit metaspace.
# Possible reasons:
#   The system is out of physical RAM or swap space
#   The process is running with CompressedOops enabled, and the Java Heap may be blocking the growth of the native heap
# Possible solutions:
#   Reduce memory load on the system
#   Increase physical memory or swap space
#   Check if swap backing store is full
#   Decrease Java heap size (-Xmx/-Xms)
#   Decrease number of Java threads
#   Decrease Java thread stack sizes (-Xss)
#   Set larger code cache with -XX:ReservedCodeCacheSize=
#   JVM is running with Unscaled Compressed Oops mode in which the Java heap is
#     placed in the first 4GB address space. The Java Heap base address is the
#     maximum limit for the native heap growth. Please use -XX:HeapBaseMinAddress
#     to set the Java Heap base and to place the Java Heap above 4GB virtual address.
# This output file may be truncated or incomplete.
#
#  Out of Memory Error (virtualSpaceNode.cpp:110), pid=10008, tid=12456
#
# JRE version: Java(TM) SE Runtime Environment (19.0.2+7) (build 19.0.2+7-44)
# Java VM: Java HotSpot(TM) 64-Bit Server VM (19.0.2+7-44, mixed mode, sharing, tiered, compressed oops, compressed class ptrs, g1 gc, windows-amd64)
# No core dump will be written. Minidumps are not enabled by default on client versions of Windows
#

---------------  S U M M A R Y ------------

Command Line: App 62010

Host: Intel(R) Core(TM) i5-6300U CPU @ 2.40GHz, 4 cores, 7G,  Windows 10 , 64 bit Build 19041 (10.0.19041.2546)
Time: Sat Mar 18 00:17:01 2023 Romance Standard Time elapsed time: 3.234519 seconds (0d 0h 0m 3s)

---------------  T H R E A D  ---------------

Current thread (0x000002724b8b1970):  JavaThread "main" [_thread_in_vm, id=12456, stack(0x000000d672000000,0x000000d672100000)]

Stack: [0x000000d672000000,0x000000d672100000]
Native frames: (J=compiled Java code, j=interpreted, Vv=VM code, C=native code)
V  [jvm.dll+0x6ee21a]
V  [jvm.dll+0x85765e]
V  [jvm.dll+0x85904e]
V  [jvm.dll+0x859703]
V  [jvm.dll+0x28298f]
V  [jvm.dll+0x8532db]
V  [jvm.dll+0x692cb6]
V  [jvm.dll+0x1f2937]
V  [jvm.dll+0x6956f2]
V  [jvm.dll+0x6954de]
V  [jvm.dll+0x6936de]
V  [jvm.dll+0x3c4eaf]
V  [jvm.dll+0x2161bb]
V  [jvm.dll+0x5a9ce0]
V  [jvm.dll+0x7cd5d8]
V  [jvm.dll+0x7cd4fa]
V  [jvm.dll+0x46b2ad]
V  [jvm.dll+0x47d46d]
C  [java.dll+0x1657]

Java frames: (J=compiled Java code, j=interpreted, Vv=VM code)
j  java.lang.ClassLoader.defineClass0(Ljava/lang/ClassLoader;Ljava/lang/Class;Ljava/lang/String;[BIILjava/security/ProtectionDomain;ZILjava/lang/Object;)Ljava/lang/Class;+0 java.base@19.0.2
j  java.lang.System$2.defineClass(Ljava/lang/ClassLoader;Ljava/lang/Class;Ljava/lang/String;[BLjava/security/ProtectionDomain;ZILjava/lang/Object;)Ljava/lang/Class;+17 java.base@19.0.2
j  java.lang.invoke.MethodHandles$Lookup$ClassDefiner.defineClass(ZLjava/lang/Object;)Ljava/lang/Class;+54 java.base@19.0.2
j  java.lang.invoke.InvokerBytecodeGenerator.loadMethod([B)Ljava/lang/invoke/MemberName;+19 java.base@19.0.2
j  java.lang.invoke.InvokerBytecodeGenerator.generateCustomizedCode(Ljava/lang/invoke/LambdaForm;Ljava/lang/invoke/MethodType;)Ljava/lang/invoke/MemberName;+30 java.base@19.0.2
j  java.lang.invoke.LambdaForm.compileToBytecode()V+69 java.base@19.0.2
j  java.lang.invoke.DirectMethodHandle.makePreparedLambdaForm(Ljava/lang/invoke/MethodType;I)Ljava/lang/invoke/LambdaForm;+792 java.base@19.0.2
j  java.lang.invoke.DirectMethodHandle.preparedLambdaForm(Ljava/lang/invoke/MethodType;I)Ljava/lang/invoke/LambdaForm;+17 java.base@19.0.2
j  java.lang.invoke.DirectMethodHandle.preparedLambdaForm(Ljava/lang/invoke/MemberName;Z)Ljava/lang/invoke/LambdaForm;+159 java.base@19.0.2
j  java.lang.invoke.DirectMethodHandle.preparedLambdaForm(Ljava/lang/invoke/MemberName;)Ljava/lang/invoke/LambdaForm;+2 java.base@19.0.2
j  java.lang.invoke.DirectMethodHandle.makeAllocator(Ljava/lang/invoke/MemberName;)Ljava/lang/invoke/DirectMethodHandle;+84 java.base@19.0.2
j  java.lang.invoke.DirectMethodHandle.make(Ljava/lang/invoke/MemberName;)Ljava/lang/invoke/DirectMethodHandle;+8 java.base@19.0.2
j  java.lang.invoke.MethodHandles$Lookup.getDirectConstructorCommon(Ljava/lang/Class;Ljava/lang/invoke/MemberName;Z)Ljava/lang/invoke/MethodHandle;+61 java.base@19.0.2
j  java.lang.invoke.MethodHandles$Lookup.getDirectConstructor(Ljava/lang/Class;Ljava/lang/invoke/MemberName;)Ljava/lang/invoke/MethodHandle;+6 java.base@19.0.2
j  java.lang.invoke.MethodHandles$Lookup.findConstructor(Ljava/lang/Class;Ljava/lang/invoke/MethodType;)Ljava/lang/invoke/MethodHandle;+57 java.base@19.0.2
j  java.lang.invoke.InnerClassLambdaMetafactory.buildCallSite()Ljava/lang/invoke/CallSite;+67 java.base@19.0.2
j  java.lang.invoke.LambdaMetafactory.metafactory(Ljava/lang/invoke/MethodHandles$Lookup;Ljava/lang/String;Ljava/lang/invoke/MethodType;Ljava/lang/invoke/MethodType;Ljava/lang/invoke/MethodHandle;Ljava/lang/invoke/MethodType;)Ljava/lang/invoke/CallSite;+67 java.base@19.0.2
j  java.lang.invoke.DirectMethodHandle$Holder.invokeStatic(Ljava/lang/Object;Ljava/lang/Object;Ljava/lang/Object;Ljava/lang/Object;Ljava/lang/Object;Ljava/lang/Object;Ljava/lang/Object;)Ljava/lang/Object;+20 java.base@19.0.2
j  java.lang.invoke.Invokers$Holder.invokeExact_MT(Ljava/lang/Object;Ljava/lang/Object;Ljava/lang/Object;Ljava/lang/Object;Ljava/lang/Object;Ljava/lang/Object;Ljava/lang/Object;Ljava/lang/Object;)Ljava/lang/Object;+28 java.base@19.0.2
j  java.lang.invoke.BootstrapMethodInvoker.invoke(Ljava/lang/Class;Ljava/lang/invoke/MethodHandle;Ljava/lang/String;Ljava/lang/Object;Ljava/lang/Object;Ljava/lang/Class;)Ljava/lang/Object;+319 java.base@19.0.2
j  java.lang.invoke.CallSite.makeSite(Ljava/lang/invoke/MethodHandle;Ljava/lang/String;Ljava/lang/invoke/MethodType;Ljava/lang/Object;Ljava/lang/Class;)Ljava/lang/invoke/CallSite;+8 java.base@19.0.2
j  java.lang.invoke.MethodHandleNatives.linkCallSiteImpl(Ljava/lang/Class;Ljava/lang/invoke/MethodHandle;Ljava/lang/String;Ljava/lang/invoke/MethodType;Ljava/lang/Object;[Ljava/lang/Object;)Ljava/lang/invoke/MemberName;+6 java.base@19.0.2
j  java.lang.invoke.MethodHandleNatives.linkCallSite(Ljava/lang/Object;Ljava/lang/Object;Ljava/lang/Object;Ljava/lang/Object;Ljava/lang/Object;[Ljava/lang/Object;)Ljava/lang/invoke/MemberName;+45 java.base@19.0.2
v  ~StubRoutines::call_stub 0x000002725c4f100e
j  org.eclipse.lsp4j.jsonrpc.services.GenericEndpoint.recursiveFindRpcMethods(Ljava/lang/Object;Ljava/util/Set;Ljava/util/Set;)V+24
j  org.eclipse.lsp4j.jsonrpc.services.GenericEndpoint.<init>(Ljava/lang/Object;)V+36
j  org.eclipse.lsp4j.jsonrpc.services.ServiceEndpoints.toEndpoint(Ljava/lang/Object;)Lorg/eclipse/lsp4j/jsonrpc/Endpoint;+5
j  org.eclipse.lsp4j.jsonrpc.Launcher.createIoLauncher(Ljava/lang/Object;Ljava/lang/Class;Ljava/io/InputStream;Ljava/io/OutputStream;Ljava/util/concurrent/ExecutorService;Ljava/util/function/Function;)Lorg/eclipse/lsp4j/jsonrpc/Launcher;+108
j  org.eclipse.lsp4j.jsonrpc.Launcher.createLauncher(Ljava/lang/Object;Ljava/lang/Class;Ljava/io/InputStream;Ljava/io/OutputStream;ZLjava/io/PrintWriter;)Lorg/eclipse/lsp4j/jsonrpc/Launcher;+20
j  org.eclipse.lsp4j.jsonrpc.Launcher.createLauncher(Ljava/lang/Object;Ljava/lang/Class;Ljava/io/InputStream;Ljava/io/OutputStream;)Lorg/eclipse/lsp4j/jsonrpc/Launcher;+6
j  org.eclipse.lsp4j.launch.LSPLauncher.createServerLauncher(Lorg/eclipse/lsp4j/services/LanguageServer;Ljava/io/InputStream;Ljava/io/OutputStream;)Lorg/eclipse/lsp4j/jsonrpc/Launcher;+5
j  App.main([Ljava/lang/String;)V+51
v  ~StubRoutines::call_stub 0x000002725c4f100e

---------------  P R O C E S S  ---------------

Threads class SMR info:
_java_thread_list=0x000002726ff68220, length=12, elements={
0x000002724b8b1970, 0x000002726b768e60, 0x000002726b76c910, 0x000002726b76d240,
0x000002726b76db70, 0x000002726b76e4a0, 0x000002726b76edd0, 0x000002726b76fa30,
0x000002726b776790, 0x000002726b777740, 0x000002726f9852a0, 0x000002726f98d7f0
}

Java Threads: ( => current thread )
=>0x000002724b8b1970 JavaThread "main" [_thread_in_vm, id=12456, stack(0x000000d672000000,0x000000d672100000)]
  0x000002726b768e60 JavaThread "Reference Handler" daemon [_thread_blocked, id=3408, stack(0x000000d672800000,0x000000d672900000)]
  0x000002726b76c910 JavaThread "Finalizer" daemon [_thread_blocked, id=12996, stack(0x000000d672900000,0x000000d672a00000)]
  0x000002726b76d240 JavaThread "Signal Dispatcher" daemon [_thread_blocked, id=10924, stack(0x000000d672a00000,0x000000d672b00000)]
  0x000002726b76db70 JavaThread "Attach Listener" daemon [_thread_blocked, id=10644, stack(0x000000d672b00000,0x000000d672c00000)]
  0x000002726b76e4a0 JavaThread "Service Thread" daemon [_thread_blocked, id=16580, stack(0x000000d672c00000,0x000000d672d00000)]
  0x000002726b76edd0 JavaThread "Monitor Deflation Thread" daemon [_thread_blocked, id=2340, stack(0x000000d672d00000,0x000000d672e00000)]
  0x000002726b76fa30 JavaThread "C2 CompilerThread0" daemon [_thread_blocked, id=6956, stack(0x000000d672e00000,0x000000d672f00000)]
  0x000002726b776790 JavaThread "C1 CompilerThread0" daemon [_thread_blocked, id=3140, stack(0x000000d672f00000,0x000000d673000000)]
  0x000002726b777740 JavaThread "Sweeper thread" daemon [_thread_blocked, id=16408, stack(0x000000d673000000,0x000000d673100000)]
  0x000002726f9852a0 JavaThread "Notification Thread" daemon [_thread_blocked, id=8784, stack(0x000000d673100000,0x000000d673200000)]
  0x000002726f98d7f0 JavaThread "Common-Cleaner" daemon [_thread_blocked, id=8184, stack(0x000000d673300000,0x000000d673400000)]

Other Threads:
  0x000002726b7510f0 VMThread "VM Thread" [stack: 0x000000d672700000,0x000000d672800000] [id=14804]
  0x000002726f93d420 WatcherThread "VM Periodic Task Thread" [stack: 0x000000d673200000,0x000000d673300000] [id=10556]
  0x000002724b90e380 WorkerThread "GC Thread#0" [stack: 0x000000d672200000,0x000000d672300000] [id=3548]
  0x000002724b91efa0 ConcurrentGCThread "G1 Main Marker" [stack: 0x000000d672300000,0x000000d672400000] [id=252]
  0x000002724b91f9d0 WorkerThread "G1 Conc#0" [stack: 0x000000d672400000,0x000000d672500000] [id=11716]
  0x000002724b95e5d0 ConcurrentGCThread "G1 Refine#0" [stack: 0x000000d672500000,0x000000d672600000] [id=1624]
  0x000002726b6012a0 ConcurrentGCThread "G1 Service" [stack: 0x000000d672600000,0x000000d672700000] [id=3608]

Threads with active compile tasks:

VM state: not at safepoint (normal execution)

VM Mutex/Monitor currently owned by a thread:  ([mutex/lock_event])
[0x000002724b8abe60] Metaspace_lock - owner thread: 0x000002724b8b1970

Heap address: 0x0000000081a00000, size: 2022 MB, Compressed Oops mode: 32-bit

CDS archive(s) mapped at: [0x0000000800000000-0x0000000800c40000-0x0000000800c40000), size 12845056, SharedBaseAddress: 0x0000000800000000, ArchiveRelocationMode: 0.
Compressed class space mapped at: 0x0000000801000000-0x0000000841000000, reserved size: 1073741824
Narrow klass base: 0x0000000800000000, Narrow klass shift: 0, Narrow klass range: 0x100000000

GC Precious Log:
 CardTable entry size: 512
 Card Set container configuration: InlinePtr #cards 5 size 8 Array Of Cards #cards 12 size 40 Howl #buckets 4 coarsen threshold 1843 Howl Bitmap #cards 512 size 80 coarsen threshold 460 Card regions per heap region 1 cards per card region 2048
 CPUs: 4 total, 4 available
 Memory: 8084M
 Large Page Support: Disabled
 NUMA Support: Disabled
 Compressed Oops: Enabled (32-bit)
 Heap Region Size: 1M
 Heap Min Capacity: 8M
 Heap Initial Capacity: 128M
 Heap Max Capacity: 2022M
 Pre-touch: Disabled
 Parallel Workers: 4
 Concurrent Workers: 1
 Concurrent Refinement Workers: 4
 Periodic GC: Disabled

Heap:
 garbage-first heap   total 131072K, used 9216K [0x0000000081a00000, 0x0000000100000000)
  region size 1024K, 11 young (11264K), 0 survivors (0K)
 Metaspace       used 4448K, committed 4544K, reserved 1114112K
  class space    used 436K, committed 448K, reserved 1048576K

Heap Regions: E=young(eden), S=young(survivor), O=old, HS=humongous(starts), HC=humongous(continues), CS=collection set, F=free, OA=open archive, CA=closed archive, TAMS=top-at-mark-start (previous, next)
|   0|0x0000000081a00000, 0x0000000081a00000, 0x0000000081b00000|  0%| F|  |TAMS 0x0000000081a00000, 0x0000000081a00000| Untracked 
|   1|0x0000000081b00000, 0x0000000081b00000, 0x0000000081c00000|  0%| F|  |TAMS 0x0000000081b00000, 0x0000000081b00000| Untracked 
|   2|0x0000000081c00000, 0x0000000081c00000, 0x0000000081d00000|  0%| F|  |TAMS 0x0000000081c00000, 0x0000000081c00000| Untracked 
|   3|0x0000000081d00000, 0x0000000081d00000, 0x0000000081e00000|  0%| F|  |TAMS 0x0000000081d00000, 0x0000000081d00000| Untracked 
|   4|0x0000000081e00000, 0x0000000081e00000, 0x0000000081f00000|  0%| F|  |TAMS 0x0000000081e00000, 0x0000000081e00000| Untracked 
|   5|0x0000000081f00000, 0x0000000081f00000, 0x0000000082000000|  0%| F|  |TAMS 0x0000000081f00000, 0x0000000081f00000| Untracked 
|   6|0x0000000082000000, 0x0000000082000000, 0x0000000082100000|  0%| F|  |TAMS 0x0000000082000000, 0x0000000082000000| Untracked 
|   7|0x0000000082100000, 0x0000000082100000, 0x0000000082200000|  0%| F|  |TAMS 0x0000000082100000, 0x0000000082100000| Untracked 
|   8|0x0000000082200000, 0x0000000082200000, 0x0000000082300000|  0%| F|  |TAMS 0x0000000082200000, 0x0000000082200000| Untracked 
|   9|0x0000000082300000, 0x0000000082300000, 0x0000000082400000|  0%| F|  |TAMS 0x0000000082300000, 0x0000000082300000| Untracked 
|  10|0x0000000082400000, 0x0000000082400000, 0x0000000082500000|  0%| F|  |TAMS 0x0000000082400000, 0x0000000082400000| Untracked 
|  11|0x0000000082500000, 0x0000000082500000, 0x0000000082600000|  0%| F|  |TAMS 0x0000000082500000, 0x0000000082500000| Untracked 
|  12|0x0000000082600000, 0x0000000082600000, 0x0000000082700000|  0%| F|  |TAMS 0x0000000082600000, 0x0000000082600000| Untracked 
|  13|0x0000000082700000, 0x0000000082700000, 0x0000000082800000|  0%| F|  |TAMS 0x0000000082700000, 0x0000000082700000| Untracked 
|  14|0x0000000082800000, 0x0000000082800000, 0x0000000082900000|  0%| F|  |TAMS 0x0000000082800000, 0x0000000082800000| Untracked 
|  15|0x0000000082900000, 0x0000000082900000, 0x0000000082a00000|  0%| F|  |TAMS 0x0000000082900000, 0x0000000082900000| Untracked 
|  16|0x0000000082a00000, 0x0000000082a00000, 0x0000000082b00000|  0%| F|  |TAMS 0x0000000082a00000, 0x0000000082a00000| Untracked 
|  17|0x0000000082b00000, 0x0000000082b00000, 0x0000000082c00000|  0%| F|  |TAMS 0x0000000082b00000, 0x0000000082b00000| Untracked 
|  18|0x0000000082c00000, 0x0000000082c00000, 0x0000000082d00000|  0%| F|  |TAMS 0x0000000082c00000, 0x0000000082c00000| Untracked 
|  19|0x0000000082d00000, 0x0000000082d00000, 0x0000000082e00000|  0%| F|  |TAMS 0x0000000082d00000, 0x0000000082d00000| Untracked 
|  20|0x0000000082e00000, 0x0000000082e00000, 0x0000000082f00000|  0%| F|  |TAMS 0x0000000082e00000, 0x0000000082e00000| Untracked 
|  21|0x0000000082f00000, 0x0000000082f00000, 0x0000000083000000|  0%| F|  |TAMS 0x0000000082f00000, 0x0000000082f00000| Untracked 
|  22|0x0000000083000000, 0x0000000083000000, 0x0000000083100000|  0%| F|  |TAMS 0x0000000083000000, 0x0000000083000000| Untracked 
|  23|0x0000000083100000, 0x0000000083100000, 0x0000000083200000|  0%| F|  |TAMS 0x0000000083100000, 0x0000000083100000| Untracked 
|  24|0x0000000083200000, 0x0000000083200000, 0x0000000083300000|  0%| F|  |TAMS 0x0000000083200000, 0x0000000083200000| Untracked 
|  25|0x0000000083300000, 0x0000000083300000, 0x0000000083400000|  0%| F|  |TAMS 0x0000000083300000, 0x0000000083300000| Untracked 
|  26|0x0000000083400000, 0x0000000083400000, 0x0000000083500000|  0%| F|  |TAMS 0x0000000083400000, 0x0000000083400000| Untracked 
|  27|0x0000000083500000, 0x0000000083500000, 0x0000000083600000|  0%| F|  |TAMS 0x0000000083500000, 0x0000000083500000| Untracked 
|  28|0x0000000083600000, 0x0000000083600000, 0x0000000083700000|  0%| F|  |TAMS 0x0000000083600000, 0x0000000083600000| Untracked 
|  29|0x0000000083700000, 0x0000000083700000, 0x0000000083800000|  0%| F|  |TAMS 0x0000000083700000, 0x0000000083700000| Untracked 
|  30|0x0000000083800000, 0x0000000083800000, 0x0000000083900000|  0%| F|  |TAMS 0x0000000083800000, 0x0000000083800000| Untracked 
|  31|0x0000000083900000, 0x0000000083900000, 0x0000000083a00000|  0%| F|  |TAMS 0x0000000083900000, 0x0000000083900000| Untracked 
|  32|0x0000000083a00000, 0x0000000083a00000, 0x0000000083b00000|  0%| F|  |TAMS 0x0000000083a00000, 0x0000000083a00000| Untracked 
|  33|0x0000000083b00000, 0x0000000083b00000, 0x0000000083c00000|  0%| F|  |TAMS 0x0000000083b00000, 0x0000000083b00000| Untracked 
|  34|0x0000000083c00000, 0x0000000083c00000, 0x0000000083d00000|  0%| F|  |TAMS 0x0000000083c00000, 0x0000000083c00000| Untracked 
|  35|0x0000000083d00000, 0x0000000083d00000, 0x0000000083e00000|  0%| F|  |TAMS 0x0000000083d00000, 0x0000000083d00000| Untracked 
|  36|0x0000000083e00000, 0x0000000083e00000, 0x0000000083f00000|  0%| F|  |TAMS 0x0000000083e00000, 0x0000000083e00000| Untracked 
|  37|0x0000000083f00000, 0x0000000083f00000, 0x0000000084000000|  0%| F|  |TAMS 0x0000000083f00000, 0x0000000083f00000| Untracked 
|  38|0x0000000084000000, 0x0000000084000000, 0x0000000084100000|  0%| F|  |TAMS 0x0000000084000000, 0x0000000084000000| Untracked 
|  39|0x0000000084100000, 0x0000000084100000, 0x0000000084200000|  0%| F|  |TAMS 0x0000000084100000, 0x0000000084100000| Untracked 
|  40|0x0000000084200000, 0x0000000084200000, 0x0000000084300000|  0%| F|  |TAMS 0x0000000084200000, 0x0000000084200000| Untracked 
|  41|0x0000000084300000, 0x0000000084300000, 0x0000000084400000|  0%| F|  |TAMS 0x0000000084300000, 0x0000000084300000| Untracked 
|  42|0x0000000084400000, 0x0000000084400000, 0x0000000084500000|  0%| F|  |TAMS 0x0000000084400000, 0x0000000084400000| Untracked 
|  43|0x0000000084500000, 0x0000000084500000, 0x0000000084600000|  0%| F|  |TAMS 0x0000000084500000, 0x0000000084500000| Untracked 
|  44|0x0000000084600000, 0x0000000084600000, 0x0000000084700000|  0%| F|  |TAMS 0x0000000084600000, 0x0000000084600000| Untracked 
|  45|0x0000000084700000, 0x0000000084700000, 0x0000000084800000|  0%| F|  |TAMS 0x0000000084700000, 0x0000000084700000| Untracked 
|  46|0x0000000084800000, 0x0000000084800000, 0x0000000084900000|  0%| F|  |TAMS 0x0000000084800000, 0x0000000084800000| Untracked 
|  47|0x0000000084900000, 0x0000000084900000, 0x0000000084a00000|  0%| F|  |TAMS 0x0000000084900000, 0x0000000084900000| Untracked 
|  48|0x0000000084a00000, 0x0000000084a00000, 0x0000000084b00000|  0%| F|  |TAMS 0x0000000084a00000, 0x0000000084a00000| Untracked 
|  49|0x0000000084b00000, 0x0000000084b00000, 0x0000000084c00000|  0%| F|  |TAMS 0x0000000084b00000, 0x0000000084b00000| Untracked 
|  50|0x0000000084c00000, 0x0000000084c00000, 0x0000000084d00000|  0%| F|  |TAMS 0x0000000084c00000, 0x0000000084c00000| Untracked 
|  51|0x0000000084d00000, 0x0000000084d00000, 0x0000000084e00000|  0%| F|  |TAMS 0x0000000084d00000, 0x0000000084d00000| Untracked 
|  52|0x0000000084e00000, 0x0000000084e00000, 0x0000000084f00000|  0%| F|  |TAMS 0x0000000084e00000, 0x0000000084e00000| Untracked 
|  53|0x0000000084f00000, 0x0000000084f00000, 0x0000000085000000|  0%| F|  |TAMS 0x0000000084f00000, 0x0000000084f00000| Untracked 
|  54|0x0000000085000000, 0x0000000085000000, 0x0000000085100000|  0%| F|  |TAMS 0x0000000085000000, 0x0000000085000000| Untracked 
|  55|0x0000000085100000, 0x0000000085100000, 0x0000000085200000|  0%| F|  |TAMS 0x0000000085100000, 0x0000000085100000| Untracked 
|  56|0x0000000085200000, 0x0000000085200000, 0x0000000085300000|  0%| F|  |TAMS 0x0000000085200000, 0x0000000085200000| Untracked 
|  57|0x0000000085300000, 0x0000000085300000, 0x0000000085400000|  0%| F|  |TAMS 0x0000000085300000, 0x0000000085300000| Untracked 
|  58|0x0000000085400000, 0x0000000085400000, 0x0000000085500000|  0%| F|  |TAMS 0x0000000085400000, 0x0000000085400000| Untracked 
|  59|0x0000000085500000, 0x0000000085500000, 0x0000000085600000|  0%| F|  |TAMS 0x0000000085500000, 0x0000000085500000| Untracked 
|  60|0x0000000085600000, 0x0000000085600000, 0x0000000085700000|  0%| F|  |TAMS 0x0000000085600000, 0x0000000085600000| Untracked 
|  61|0x0000000085700000, 0x0000000085700000, 0x0000000085800000|  0%| F|  |TAMS 0x0000000085700000, 0x0000000085700000| Untracked 
|  62|0x0000000085800000, 0x0000000085800000, 0x0000000085900000|  0%| F|  |TAMS 0x0000000085800000, 0x0000000085800000| Untracked 
|  63|0x0000000085900000, 0x0000000085900000, 0x0000000085a00000|  0%| F|  |TAMS 0x0000000085900000, 0x0000000085900000| Untracked 
|  64|0x0000000085a00000, 0x0000000085a00000, 0x0000000085b00000|  0%| F|  |TAMS 0x0000000085a00000, 0x0000000085a00000| Untracked 
|  65|0x0000000085b00000, 0x0000000085b00000, 0x0000000085c00000|  0%| F|  |TAMS 0x0000000085b00000, 0x0000000085b00000| Untracked 
|  66|0x0000000085c00000, 0x0000000085c00000, 0x0000000085d00000|  0%| F|  |TAMS 0x0000000085c00000, 0x0000000085c00000| Untracked 
|  67|0x0000000085d00000, 0x0000000085d00000, 0x0000000085e00000|  0%| F|  |TAMS 0x0000000085d00000, 0x0000000085d00000| Untracked 
|  68|0x0000000085e00000, 0x0000000085e00000, 0x0000000085f00000|  0%| F|  |TAMS 0x0000000085e00000, 0x0000000085e00000| Untracked 
|  69|0x0000000085f00000, 0x0000000085f00000, 0x0000000086000000|  0%| F|  |TAMS 0x0000000085f00000, 0x0000000085f00000| Untracked 
|  70|0x0000000086000000, 0x0000000086000000, 0x0000000086100000|  0%| F|  |TAMS 0x0000000086000000, 0x0000000086000000| Untracked 
|  71|0x0000000086100000, 0x0000000086100000, 0x0000000086200000|  0%| F|  |TAMS 0x0000000086100000, 0x0000000086100000| Untracked 
|  72|0x0000000086200000, 0x0000000086200000, 0x0000000086300000|  0%| F|  |TAMS 0x0000000086200000, 0x0000000086200000| Untracked 
|  73|0x0000000086300000, 0x0000000086300000, 0x0000000086400000|  0%| F|  |TAMS 0x0000000086300000, 0x0000000086300000| Untracked 
|  74|0x0000000086400000, 0x0000000086400000, 0x0000000086500000|  0%| F|  |TAMS 0x0000000086400000, 0x0000000086400000| Untracked 
|  75|0x0000000086500000, 0x0000000086500000, 0x0000000086600000|  0%| F|  |TAMS 0x0000000086500000, 0x0000000086500000| Untracked 
|  76|0x0000000086600000, 0x0000000086600000, 0x0000000086700000|  0%| F|  |TAMS 0x0000000086600000, 0x0000000086600000| Untracked 
|  77|0x0000000086700000, 0x0000000086700000, 0x0000000086800000|  0%| F|  |TAMS 0x0000000086700000, 0x0000000086700000| Untracked 
|  78|0x0000000086800000, 0x0000000086800000, 0x0000000086900000|  0%| F|  |TAMS 0x0000000086800000, 0x0000000086800000| Untracked 
|  79|0x0000000086900000, 0x0000000086900000, 0x0000000086a00000|  0%| F|  |TAMS 0x0000000086900000, 0x0000000086900000| Untracked 
|  80|0x0000000086a00000, 0x0000000086a00000, 0x0000000086b00000|  0%| F|  |TAMS 0x0000000086a00000, 0x0000000086a00000| Untracked 
|  81|0x0000000086b00000, 0x0000000086b00000, 0x0000000086c00000|  0%| F|  |TAMS 0x0000000086b00000, 0x0000000086b00000| Untracked 
|  82|0x0000000086c00000, 0x0000000086c00000, 0x0000000086d00000|  0%| F|  |TAMS 0x0000000086c00000, 0x0000000086c00000| Untracked 
|  83|0x0000000086d00000, 0x0000000086d00000, 0x0000000086e00000|  0%| F|  |TAMS 0x0000000086d00000, 0x0000000086d00000| Untracked 
|  84|0x0000000086e00000, 0x0000000086e00000, 0x0000000086f00000|  0%| F|  |TAMS 0x0000000086e00000, 0x0000000086e00000| Untracked 
|  85|0x0000000086f00000, 0x0000000086f00000, 0x0000000087000000|  0%| F|  |TAMS 0x0000000086f00000, 0x0000000086f00000| Untracked 
|  86|0x0000000087000000, 0x0000000087000000, 0x0000000087100000|  0%| F|  |TAMS 0x0000000087000000, 0x0000000087000000| Untracked 
|  87|0x0000000087100000, 0x0000000087100000, 0x0000000087200000|  0%| F|  |TAMS 0x0000000087100000, 0x0000000087100000| Untracked 
|  88|0x0000000087200000, 0x0000000087200000, 0x0000000087300000|  0%| F|  |TAMS 0x0000000087200000, 0x0000000087200000| Untracked 
|  89|0x0000000087300000, 0x0000000087300000, 0x0000000087400000|  0%| F|  |TAMS 0x0000000087300000, 0x0000000087300000| Untracked 
|  90|0x0000000087400000, 0x0000000087400000, 0x0000000087500000|  0%| F|  |TAMS 0x0000000087400000, 0x0000000087400000| Untracked 
|  91|0x0000000087500000, 0x0000000087500000, 0x0000000087600000|  0%| F|  |TAMS 0x0000000087500000, 0x0000000087500000| Untracked 
|  92|0x0000000087600000, 0x0000000087600000, 0x0000000087700000|  0%| F|  |TAMS 0x0000000087600000, 0x0000000087600000| Untracked 
|  93|0x0000000087700000, 0x0000000087700000, 0x0000000087800000|  0%| F|  |TAMS 0x0000000087700000, 0x0000000087700000| Untracked 
|  94|0x0000000087800000, 0x0000000087800000, 0x0000000087900000|  0%| F|  |TAMS 0x0000000087800000, 0x0000000087800000| Untracked 
|  95|0x0000000087900000, 0x0000000087900000, 0x0000000087a00000|  0%| F|  |TAMS 0x0000000087900000, 0x0000000087900000| Untracked 
|  96|0x0000000087a00000, 0x0000000087a00000, 0x0000000087b00000|  0%| F|  |TAMS 0x0000000087a00000, 0x0000000087a00000| Untracked 
|  97|0x0000000087b00000, 0x0000000087b00000, 0x0000000087c00000|  0%| F|  |TAMS 0x0000000087b00000, 0x0000000087b00000| Untracked 
|  98|0x0000000087c00000, 0x0000000087c00000, 0x0000000087d00000|  0%| F|  |TAMS 0x0000000087c00000, 0x0000000087c00000| Untracked 
|  99|0x0000000087d00000, 0x0000000087d00000, 0x0000000087e00000|  0%| F|  |TAMS 0x0000000087d00000, 0x0000000087d00000| Untracked 
| 100|0x0000000087e00000, 0x0000000087e00000, 0x0000000087f00000|  0%| F|  |TAMS 0x0000000087e00000, 0x0000000087e00000| Untracked 
| 101|0x0000000087f00000, 0x0000000087f00000, 0x0000000088000000|  0%| F|  |TAMS 0x0000000087f00000, 0x0000000087f00000| Untracked 
| 102|0x0000000088000000, 0x0000000088000000, 0x0000000088100000|  0%| F|  |TAMS 0x0000000088000000, 0x0000000088000000| Untracked 
| 103|0x0000000088100000, 0x0000000088100000, 0x0000000088200000|  0%| F|  |TAMS 0x0000000088100000, 0x0000000088100000| Untracked 
| 104|0x0000000088200000, 0x0000000088200000, 0x0000000088300000|  0%| F|  |TAMS 0x0000000088200000, 0x0000000088200000| Untracked 
| 105|0x0000000088300000, 0x0000000088300000, 0x0000000088400000|  0%| F|  |TAMS 0x0000000088300000, 0x0000000088300000| Untracked 
| 106|0x0000000088400000, 0x0000000088400000, 0x0000000088500000|  0%| F|  |TAMS 0x0000000088400000, 0x0000000088400000| Untracked 
| 107|0x0000000088500000, 0x0000000088500000, 0x0000000088600000|  0%| F|  |TAMS 0x0000000088500000, 0x0000000088500000| Untracked 
| 108|0x0000000088600000, 0x0000000088600000, 0x0000000088700000|  0%| F|  |TAMS 0x0000000088600000, 0x0000000088600000| Untracked 
| 109|0x0000000088700000, 0x0000000088700000, 0x0000000088800000|  0%| F|  |TAMS 0x0000000088700000, 0x0000000088700000| Untracked 
| 110|0x0000000088800000, 0x0000000088800000, 0x0000000088900000|  0%| F|  |TAMS 0x0000000088800000, 0x0000000088800000| Untracked 
| 111|0x0000000088900000, 0x0000000088900000, 0x0000000088a00000|  0%| F|  |TAMS 0x0000000088900000, 0x0000000088900000| Untracked 
| 112|0x0000000088a00000, 0x0000000088a00000, 0x0000000088b00000|  0%| F|  |TAMS 0x0000000088a00000, 0x0000000088a00000| Untracked 
| 113|0x0000000088b00000, 0x0000000088b00000, 0x0000000088c00000|  0%| F|  |TAMS 0x0000000088b00000, 0x0000000088b00000| Untracked 
| 114|0x0000000088c00000, 0x0000000088c00000, 0x0000000088d00000|  0%| F|  |TAMS 0x0000000088c00000, 0x0000000088c00000| Untracked 
| 115|0x0000000088d00000, 0x0000000088d00000, 0x0000000088e00000|  0%| F|  |TAMS 0x0000000088d00000, 0x0000000088d00000| Untracked 
| 116|0x0000000088e00000, 0x0000000088e00000, 0x0000000088f00000|  0%| F|  |TAMS 0x0000000088e00000, 0x0000000088e00000| Untracked 
| 117|0x0000000088f00000, 0x0000000088f89b28, 0x0000000089000000| 53%| E|  |TAMS 0x0000000088f00000, 0x0000000088f00000| Complete 
| 118|0x0000000089000000, 0x0000000089100000, 0x0000000089100000|100%| E|CS|TAMS 0x0000000089000000, 0x0000000089000000| Complete 
| 119|0x0000000089100000, 0x0000000089200000, 0x0000000089200000|100%| E|CS|TAMS 0x0000000089100000, 0x0000000089100000| Complete 
| 120|0x0000000089200000, 0x0000000089300000, 0x0000000089300000|100%| E|CS|TAMS 0x0000000089200000, 0x0000000089200000| Complete 
| 121|0x0000000089300000, 0x0000000089400000, 0x0000000089400000|100%| E|CS|TAMS 0x0000000089300000, 0x0000000089300000| Complete 
| 122|0x0000000089400000, 0x0000000089500000, 0x0000000089500000|100%| E|CS|TAMS 0x0000000089400000, 0x0000000089400000| Complete 
| 123|0x0000000089500000, 0x0000000089600000, 0x0000000089600000|100%| E|CS|TAMS 0x0000000089500000, 0x0000000089500000| Complete 
| 124|0x0000000089600000, 0x0000000089700000, 0x0000000089700000|100%| E|CS|TAMS 0x0000000089600000, 0x0000000089600000| Complete 
| 125|0x0000000089700000, 0x0000000089800000, 0x0000000089800000|100%| E|  |TAMS 0x0000000089700000, 0x0000000089700000| Complete 
| 126|0x0000000089800000, 0x0000000089900000, 0x0000000089900000|100%| E|CS|TAMS 0x0000000089800000, 0x0000000089800000| Complete 
| 127|0x0000000089900000, 0x0000000089a00000, 0x0000000089a00000|100%| E|CS|TAMS 0x0000000089900000, 0x0000000089900000| Complete 

Card table byte_map: [0x00000272649f0000,0x0000027264df0000] _byte_map_base: 0x00000272645e3000

Marking Bits (Prev, Next): (CMBitMap*) 0x000002724b90e9b0, (CMBitMap*) 0x000002724b90e9f0
 Prev Bits: [0x00000272651f0000, 0x0000027267188000)
 Next Bits: [0x0000027267190000, 0x0000027269128000)

Polling page: 0x000002724b750000

Metaspace:

Usage:
  Non-class:      3.92 MB used.
      Class:    436.20 KB used.
       Both:      4.34 MB used.

Virtual space:
  Non-class space:       64.00 MB reserved,       4.00 MB (  6%) committed,  1 nodes.
      Class space:        1.00 GB reserved,     448.00 KB ( <1%) committed,  1 nodes.
             Both:        1.06 GB reserved,       4.44 MB ( <1%) committed. 

Chunk freelists:
   Non-Class:  3.29 MB
       Class:  3.50 MB
        Both:  6.79 MB

MaxMetaspaceSize: unlimited
CompressedClassSpaceSize: 1.00 GB
Initial GC threshold: 21.00 MB
Current GC threshold: 21.00 MB
CDS: on
MetaspaceReclaimPolicy: balanced
 - commit_granule_bytes: 65536.
 - commit_granule_words: 8192.
 - virtual_space_node_default_size: 8388608.
 - enlarge_chunks_in_place: 1.
 - new_chunks_are_fully_committed: 0.
 - uncommit_free_chunks: 1.
 - use_allocation_guard: 0.


Internal statistics:

num_allocs_failed_limit: 0.
num_arena_births: 34.
num_arena_deaths: 0.
num_vsnodes_births: 2.
num_vsnodes_deaths: 0.
num_space_committed: 71.
num_space_uncommitted: 0.
num_chunks_returned_to_freelist: 0.
num_chunks_taken_from_freelist: 79.
num_chunk_merges: 0.
num_chunk_splits: 48.
num_chunks_enlarged: 34.
num_inconsistent_stats: 0.

CodeHeap 'non-profiled nmethods': size=120000Kb used=270Kb max_used=270Kb free=119729Kb
 bounds [0x000002725ca90000, 0x000002725cd00000, 0x0000027263fc0000]
CodeHeap 'profiled nmethods': size=120000Kb used=1303Kb max_used=1303Kb free=118696Kb
 bounds [0x0000027254fc0000, 0x0000027255230000, 0x000002725c4f0000]
CodeHeap 'non-nmethods': size=5760Kb used=1235Kb max_used=1257Kb free=4524Kb
 bounds [0x000002725c4f0000, 0x000002725c760000, 0x000002725ca90000]
 total_blobs=1233 nmethods=788 adapters=356
 compilation: enabled
              stopped_count=0, restarted_count=0
 full_count=0

Compilation events (20 events):
Event: 3.225 Thread 0x000002726b776790  776       3       sun.invoke.util.VerifyAccess::isClassAccessible (230 bytes)
Event: 3.226 Thread 0x000002726b776790 nmethod 776 0x0000027255101b10 code [0x0000027255101e20, 0x0000027255102cb8]
Event: 3.226 Thread 0x000002726b776790  780       3       java.lang.invoke.MethodType::parameterSlotCount (8 bytes)
Event: 3.227 Thread 0x000002726b776790 nmethod 780 0x0000027255103090 code [0x0000027255103220, 0x0000027255103358]
Event: 3.227 Thread 0x000002726b776790  781       1       java.util.Spliterators$ArraySpliterator::characteristics (5 bytes)
Event: 3.227 Thread 0x000002726b776790 nmethod 781 0x000002725cad2310 code [0x000002725cad24a0, 0x000002725cad2558]
Event: 3.227 Thread 0x000002726b776790  784       3       jdk.internal.org.objectweb.asm.Frame::getLocal (46 bytes)
Event: 3.227 Thread 0x000002726b776790 nmethod 784 0x0000027255103410 code [0x00000272551035c0, 0x00000272551037f8]
Event: 3.227 Thread 0x000002726b776790  782       3       java.lang.reflect.Method::getRoot (5 bytes)
Event: 3.228 Thread 0x000002726b776790 nmethod 782 0x0000027255103910 code [0x0000027255103aa0, 0x0000027255103bb8]
Event: 3.228 Thread 0x000002726b776790  785       3       jdk.internal.org.objectweb.asm.SymbolTable::addConstantNameAndType (137 bytes)
Event: 3.229 Thread 0x000002726b776790 nmethod 785 0x0000027255103c90 code [0x0000027255103ee0, 0x0000027255104608]
Event: 3.229 Thread 0x000002726b776790  786       3       jdk.internal.org.objectweb.asm.SymbolTable$Entry::<init> (20 bytes)
Event: 3.229 Thread 0x000002726b776790 nmethod 786 0x0000027255104a10 code [0x0000027255104bc0, 0x0000027255104d08]
Event: 3.229 Thread 0x000002726b776790  787       3       jdk.internal.org.objectweb.asm.Handler::getExceptionTableSize (10 bytes)
Event: 3.230 Thread 0x000002726b776790 nmethod 787 0x0000027255104e10 code [0x0000027255104fc0, 0x00000272551051b8]
Event: 3.230 Thread 0x000002726b776790  789   !   3       java.lang.invoke.MemberName$Factory::resolve (159 bytes)
Event: 3.231 Thread 0x000002726b776790 nmethod 789 0x0000027255105310 code [0x0000027255105540, 0x0000027255105c48]
Event: 3.231 Thread 0x000002726b776790  788       1       jdk.internal.org.objectweb.asm.MethodWriter::hasAsmInstructions (5 bytes)
Event: 3.231 Thread 0x000002726b776790 nmethod 788 0x000002725cad2610 code [0x000002725cad27a0, 0x000002725cad2878]

GC Heap History (0 events):
No events

Dll operation events (7 events):
Event: 0.093 Loaded shared library C:\Program Files\Java\jdk-19\bin\java.dll
Event: 0.313 Loaded shared library C:\Program Files\Java\jdk-19\bin\jsvml.dll
Event: 1.052 Loaded shared library C:\Program Files\Java\jdk-19\bin\net.dll
Event: 1.158 Loaded shared library C:\Program Files\Java\jdk-19\bin\nio.dll
Event: 1.167 Loaded shared library C:\Program Files\Java\jdk-19\bin\zip.dll
Event: 2.305 Loaded shared library C:\Program Files\Java\jdk-19\bin\jimage.dll
Event: 2.517 Loaded shared library C:\Program Files\Java\jdk-19\bin\extnet.dll

Deoptimization events (20 events):
Event: 2.544 Thread 0x000002724b8b1970 DEOPT PACKING pc=0x00000272550539c6 sp=0x000000d6720faf90
Event: 2.544 Thread 0x000002724b8b1970 DEOPT UNPACKING pc=0x000002725c557543 sp=0x000000d6720fa3e8 mode 0
Event: 2.548 Thread 0x000002724b8b1970 DEOPT PACKING pc=0x00000272550539c6 sp=0x000000d6720fe180
Event: 2.548 Thread 0x000002724b8b1970 DEOPT UNPACKING pc=0x000002725c557543 sp=0x000000d6720fd5d8 mode 0
Event: 2.556 Thread 0x000002724b8b1970 DEOPT PACKING pc=0x00000272550539c6 sp=0x000000d6720fd970
Event: 2.556 Thread 0x000002724b8b1970 DEOPT UNPACKING pc=0x000002725c557543 sp=0x000000d6720fcdc8 mode 0
Event: 2.562 Thread 0x000002724b8b1970 DEOPT PACKING pc=0x0000027255053a9e sp=0x000000d6720fde20
Event: 2.562 Thread 0x000002724b8b1970 DEOPT UNPACKING pc=0x000002725c557543 sp=0x000000d6720fd278 mode 0
Event: 2.562 Thread 0x000002724b8b1970 DEOPT PACKING pc=0x0000027255053a9e sp=0x000000d6720fde20
Event: 2.562 Thread 0x000002724b8b1970 DEOPT UNPACKING pc=0x000002725c557543 sp=0x000000d6720fd278 mode 0
Event: 2.563 Thread 0x000002724b8b1970 DEOPT PACKING pc=0x0000027255053a9e sp=0x000000d6720fe100
Event: 2.563 Thread 0x000002724b8b1970 DEOPT UNPACKING pc=0x000002725c557543 sp=0x000000d6720fd558 mode 0
Event: 2.600 Thread 0x000002724b8b1970 DEOPT PACKING pc=0x0000027255053a9e sp=0x000000d6720faa10
Event: 2.600 Thread 0x000002724b8b1970 DEOPT UNPACKING pc=0x000002725c557543 sp=0x000000d6720f9e68 mode 0
Event: 2.638 Thread 0x000002724b8b1970 DEOPT PACKING pc=0x0000027254fdba2d sp=0x000000d6720fdfc0
Event: 2.638 Thread 0x000002724b8b1970 DEOPT UNPACKING pc=0x000002725c557543 sp=0x000000d6720fd458 mode 0
Event: 3.215 Thread 0x000002724b8b1970 Uncommon trap: trap_request=0xffffff45 fr.pc=0x000002725cac95f8 relative=0x0000000000000258
Event: 3.215 Thread 0x000002724b8b1970 Uncommon trap: reason=unstable_if action=reinterpret pc=0x000002725cac95f8 method=jdk.internal.loader.URLClassPath.getLoader(I)Ljdk/internal/loader/URLClassPath$Loader; @ 19 c2
Event: 3.216 Thread 0x000002724b8b1970 DEOPT PACKING pc=0x000002725cac95f8 sp=0x000000d6720fd6c0
Event: 3.216 Thread 0x000002724b8b1970 DEOPT UNPACKING pc=0x000002725c556da3 sp=0x000000d6720fd658 mode 2

Classes loaded (20 events):
Event: 3.106 Loading class java/math/BigDecimal
Event: 3.108 Loading class java/math/BigDecimal done
Event: 3.109 Loading class java/net/URISyntaxException
Event: 3.110 Loading class java/net/URISyntaxException done
Event: 3.112 Loading class java/util/UUID
Event: 3.113 Loading class java/util/UUID done
Event: 3.115 Loading class java/util/Currency
Event: 3.116 Loading class java/util/Currency done
Event: 3.126 Loading class java/util/concurrent/atomic/AtomicLongArray
Event: 3.126 Loading class java/util/concurrent/atomic/AtomicLongArray done
Event: 3.128 Loading class java/text/ParseException
Event: 3.128 Loading class java/text/ParseException done
Event: 3.132 Loading class jdk/internal/module/ModulePatcher$PatchedModuleReader
Event: 3.133 Loading class jdk/internal/module/ModulePatcher$PatchedModuleReader done
Event: 3.134 Loading class sun/net/www/protocol/jrt/Handler
Event: 3.135 Loading class sun/net/www/protocol/jrt/Handler done
Event: 3.222 Loading class java/lang/reflect/InvocationTargetException
Event: 3.222 Loading class java/lang/reflect/InvocationTargetException done
Event: 3.223 Loading class java/lang/invoke/DirectMethodHandle$Special
Event: 3.224 Loading class java/lang/invoke/DirectMethodHandle$Special done

Classes unloaded (0 events):
No events

Classes redefined (0 events):
No events

Internal exceptions (7 events):
Event: 1.623 Thread 0x000002724b8b1970 Exception <a 'java/io/IOException'{0x000000008972ca00}: Read error> (0x000000008972ca00) 
thrown [s\open\src\hotspot\share\prims\jni.cpp, line 536]
Event: 2.524 Thread 0x000002724b8b1970 Exception <a 'java/lang/NoSuchMethodError'{0x00000000893a7c38}: 'void java.lang.invoke.DirectMethodHandle$Holder.invokeStatic(java.lang.Object, java.lang.Object)'> (0x00000000893a7c38) 
thrown [s\open\src\hotspot\share\interpreter\linkResolver.cpp, line 774]
Event: 2.606 Thread 0x000002724b8b1970 Exception <a 'java/lang/NoSuchMethodError'{0x000000008922a7c8}: 'java.lang.Object java.lang.invoke.DirectMethodHandle$Holder.invokeStatic(java.lang.Object, java.lang.Object, int, java.lang.Object)'> (0x000000008922a7c8) 
thrown [s\open\src\hotspot\share\interpreter\linkResolver.cpp, line 774]
Event: 2.608 Thread 0x000002724b8b1970 Exception <a 'java/lang/NoSuchMethodError'{0x0000000089231b28}: 'java.lang.Object java.lang.invoke.DirectMethodHandle$Holder.newInvokeSpecial(java.lang.Object, java.lang.Object, int)'> (0x0000000089231b28) 
thrown [s\open\src\hotspot\share\interpreter\linkResolver.cpp, line 774]
Event: 2.625 Thread 0x000002724b8b1970 Exception <a 'java/lang/NoSuchMethodError'{0x000000008923f848}: 'void java.lang.invoke.DirectMethodHandle$Holder.invokeStatic(java.lang.Object, java.lang.Object, java.lang.Object)'> (0x000000008923f848) 
thrown [s\open\src\hotspot\share\interpreter\linkResolver.cpp, line 774]
Event: 2.748 Thread 0x000002724b8b1970 Exception <a 'java/lang/NoSuchMethodError'{0x00000000892bedd8}: 'void java.lang.invoke.DirectMethodHandle$Holder.invokeStatic(java.lang.Object, java.lang.Object, java.lang.Object, java.lang.Object)'> (0x00000000892bedd8) 
thrown [s\open\src\hotspot\share\interpreter\linkResolver.cpp, line 774]
Event: 3.230 Thread 0x000002724b8b1970 Exception <a 'java/lang/NoSuchMethodError'{0x0000000088f5a560}: 'java.lang.Object java.lang.invoke.DirectMethodHandle$Holder.newInvokeSpecial(java.lang.Object, java.lang.Object, java.lang.Object, java.lang.Object, java.lang.Object)'> (0x0000000088f5a560) 
thrown [s\open\src\hotspot\share\interpreter\linkResolver.cpp, line 774]

VM Operations (12 events):
Event: 1.357 Executing VM operation: Cleanup
Event: 1.357 Executing VM operation: Cleanup done
Event: 2.040 Executing VM operation: HandshakeAllThreads
Event: 2.041 Executing VM operation: HandshakeAllThreads done
Event: 2.109 Executing VM operation: HandshakeAllThreads
Event: 2.109 Executing VM operation: HandshakeAllThreads done
Event: 2.385 Executing VM operation: HandshakeAllThreads
Event: 2.385 Executing VM operation: HandshakeAllThreads done
Event: 2.385 Executing VM operation: Cleanup
Event: 2.386 Executing VM operation: Cleanup done
Event: 3.055 Executing VM operation: HandshakeAllThreads
Event: 3.055 Executing VM operation: HandshakeAllThreads done

Events (14 events):
Event: 0.314 Thread 0x000002724b8b1970 Thread added: 0x000002724b8b1970
Event: 0.368 Thread 0x000002726b768e60 Thread added: 0x000002726b768e60
Event: 0.369 Thread 0x000002726b76c910 Thread added: 0x000002726b76c910
Event: 0.369 Thread 0x000002726b76d240 Thread added: 0x000002726b76d240
Event: 0.369 Thread 0x000002726b76db70 Thread added: 0x000002726b76db70
Event: 0.370 Thread 0x000002726b76e4a0 Thread added: 0x000002726b76e4a0
Event: 0.370 Thread 0x000002726b76edd0 Thread added: 0x000002726b76edd0
Event: 0.370 Thread 0x000002726b76fa30 Thread added: 0x000002726b76fa30
Event: 0.403 Thread 0x000002726b776790 Thread added: 0x000002726b776790
Event: 0.445 Thread 0x000002726b777740 Thread added: 0x000002726b777740
Event: 0.873 Thread 0x000002726f9852a0 Thread added: 0x000002726f9852a0
Event: 0.880 Thread 0x000002726f98d7f0 Thread added: 0x000002726f98d7f0
Event: 2.564 Thread 0x000002726fdfd2b0 Thread added: 0x000002726fdfd2b0
Event: 2.822 Thread 0x000002726fdfd2b0 Thread exited: 0x000002726fdfd2b0


Dynamic libraries:
0x00007ff7c2af0000 - 0x00007ff7c2b00000 	C:\Program Files\Java\jdk-19\bin\java.exe
0x00007ffc9aad0000 - 0x00007ffc9acc8000 	C:\WINDOWS\SYSTEM32\ntdll.dll
0x00007ffc9a1d0000 - 0x00007ffc9a28f000 	C:\WINDOWS\System32\KERNEL32.DLL
0x00007ffc982d0000 - 0x00007ffc985a2000 	C:\WINDOWS\System32\KERNELBASE.dll
0x00007ffc95630000 - 0x00007ffc956c0000 	C:\WINDOWS\SYSTEM32\apphelp.dll
0x00007ffc98760000 - 0x00007ffc98860000 	C:\WINDOWS\System32\ucrtbase.dll
0x00007ffc916b0000 - 0x00007ffc916c8000 	C:\Program Files\Java\jdk-19\bin\jli.dll
0x00007ffc99250000 - 0x00007ffc992fe000 	C:\WINDOWS\System32\ADVAPI32.dll
0x00007ffc9a300000 - 0x00007ffc9a39e000 	C:\WINDOWS\System32\msvcrt.dll
0x00007ffc9a3a0000 - 0x00007ffc9a43c000 	C:\WINDOWS\System32\sechost.dll
0x00007ffc98b10000 - 0x00007ffc98c35000 	C:\WINDOWS\System32\RPCRT4.dll
0x00007ffc99590000 - 0x00007ffc99731000 	C:\WINDOWS\System32\USER32.dll
0x00007ffc986c0000 - 0x00007ffc986e2000 	C:\WINDOWS\System32\win32u.dll
0x00007ffc9a0f0000 - 0x00007ffc9a11b000 	C:\WINDOWS\System32\GDI32.dll
0x00007ffc985b0000 - 0x00007ffc986bf000 	C:\WINDOWS\System32\gdi32full.dll
0x00007ffc989c0000 - 0x00007ffc98a5d000 	C:\WINDOWS\System32\msvcp_win.dll
0x00007ffc91020000 - 0x00007ffc9103b000 	C:\Program Files\Java\jdk-19\bin\VCRUNTIME140.dll
0x00007ffc74990000 - 0x00007ffc74c2a000 	C:\WINDOWS\WinSxS\amd64_microsoft.windows.common-controls_6595b64144ccf1df_6.0.19041.1110_none_60b5254171f9507e\COMCTL32.dll
0x00007ffc88150000 - 0x00007ffc8815a000 	C:\WINDOWS\SYSTEM32\VERSION.dll
0x00007ffc9a0b0000 - 0x00007ffc9a0e2000 	C:\WINDOWS\System32\IMM32.DLL
0x00007ffc91fa0000 - 0x00007ffc91fac000 	C:\Program Files\Java\jdk-19\bin\vcruntime140_1.dll
0x00007ffc6d880000 - 0x00007ffc6d90e000 	C:\Program Files\Java\jdk-19\bin\msvcp140.dll
0x00007ffc29d00000 - 0x00007ffc2a9c0000 	C:\Program Files\Java\jdk-19\bin\server\jvm.dll
0x00007ffc968b0000 - 0x00007ffc968b9000 	C:\WINDOWS\SYSTEM32\WSOCK32.dll
0x00007ffc98e80000 - 0x00007ffc98eeb000 	C:\WINDOWS\System32\WS2_32.dll
0x00007ffc83d30000 - 0x00007ffc83d57000 	C:\WINDOWS\SYSTEM32\WINMM.dll
0x00007ffc969d0000 - 0x00007ffc969e2000 	C:\WINDOWS\SYSTEM32\kernel.appcore.dll
0x00007ffc91f00000 - 0x00007ffc91f0a000 	C:\Program Files\Java\jdk-19\bin\jimage.dll
0x00007ffc966a0000 - 0x00007ffc96884000 	C:\WINDOWS\SYSTEM32\DBGHELP.DLL
0x00007ffc84390000 - 0x00007ffc843c5000 	C:\WINDOWS\SYSTEM32\dbgcore.DLL
0x00007ffc981c0000 - 0x00007ffc98242000 	C:\WINDOWS\System32\bcryptPrimitives.dll
0x00007ffc85bd0000 - 0x00007ffc85bf6000 	C:\Program Files\Java\jdk-19\bin\java.dll
0x00007ffc46030000 - 0x00007ffc46107000 	C:\Program Files\Java\jdk-19\bin\jsvml.dll
0x00007ffc997c0000 - 0x00007ffc99f05000 	C:\WINDOWS\System32\SHELL32.dll
0x00007ffc95e30000 - 0x00007ffc965c2000 	C:\WINDOWS\SYSTEM32\windows.storage.dll
0x00007ffc98ef0000 - 0x00007ffc99245000 	C:\WINDOWS\System32\combase.dll
0x00007ffc97a60000 - 0x00007ffc97a90000 	C:\WINDOWS\SYSTEM32\Wldp.dll
0x00007ffc9a120000 - 0x00007ffc9a1cd000 	C:\WINDOWS\System32\SHCORE.dll
0x00007ffc9a5b0000 - 0x00007ffc9a605000 	C:\WINDOWS\System32\shlwapi.dll
0x00007ffc98100000 - 0x00007ffc9811f000 	C:\WINDOWS\SYSTEM32\profapi.dll
0x00007ffc8f970000 - 0x00007ffc8f983000 	C:\Program Files\Java\jdk-19\bin\net.dll
0x00007ffc88480000 - 0x00007ffc8858c000 	C:\WINDOWS\SYSTEM32\WINHTTP.dll
0x00007ffc97840000 - 0x00007ffc978aa000 	C:\WINDOWS\system32\mswsock.dll
0x00007ffc86120000 - 0x00007ffc86136000 	C:\Program Files\Java\jdk-19\bin\nio.dll
0x00007ffc86020000 - 0x00007ffc86038000 	C:\Program Files\Java\jdk-19\bin\zip.dll
0x00007ffc97590000 - 0x00007ffc9765b000 	C:\WINDOWS\SYSTEM32\DNSAPI.dll
0x00007ffc97550000 - 0x00007ffc9758b000 	C:\WINDOWS\SYSTEM32\IPHLPAPI.DLL
0x00007ffc9aa80000 - 0x00007ffc9aa88000 	C:\WINDOWS\System32\NSI.dll
0x00007ffc8f8c0000 - 0x00007ffc8f8ca000 	C:\Windows\System32\rasadhlp.dll
0x00007ffc872f0000 - 0x00007ffc87370000 	C:\WINDOWS\System32\fwpuclnt.dll
0x00007ffc982a0000 - 0x00007ffc982c7000 	C:\WINDOWS\System32\bcrypt.dll
0x00007ffc91b40000 - 0x00007ffc91b48000 	C:\Program Files\Java\jdk-19\bin\extnet.dll

dbghelp: loaded successfully - version: 4.0.5 - missing functions: none
symbol engine: initialized successfully - sym options: 0x614 - pdb path: .;C:\Program Files\Java\jdk-19\bin;C:\WINDOWS\SYSTEM32;C:\WINDOWS\WinSxS\amd64_microsoft.windows.common-controls_6595b64144ccf1df_6.0.19041.1110_none_60b5254171f9507e;C:\Program Files\Java\jdk-19\bin\server

VM Arguments:
java_command: App 62010
java_class_path (initial): c:\Users\amine\.vscode\extensions\adamvoss.vscode-languagetool-3.8.0\lib\languagetool-languageserver\build\install\languagetool-languageserver\bin\..\lib\annotations-12.0.jar;c:\Users\amine\.vscode\extensions\adamvoss.vscode-languagetool-3.8.0\lib\languagetool-languageserver\build\install\languagetool-languageserver\bin\..\lib\autolink-0.6.0.jar;c:\Users\amine\.vscode\extensions\adamvoss.vscode-languagetool-3.8.0\lib\languagetool-languageserver\build\install\languagetool-languageserver\bin\..\lib\berkeleylm-1.1.2.jar;c:\Users\amine\.vscode\extensions\adamvoss.vscode-languagetool-3.8.0\lib\languagetool-languageserver\build\install\languagetool-languageserver\bin\..\lib\commons-lang3-3.5.jar;c:\Users\amine\.vscode\extensions\adamvoss.vscode-languagetool-3.8.0\lib\languagetool-languageserver\build\install\languagetool-languageserver\bin\..\lib\commons-logging-1.2.jar;c:\Users\amine\.vscode\extensions\adamvoss.vscode-languagetool-3.8.0\lib\languagetool-languageserver\build\install\languagetool-languageserver\bin\..\lib\flexmark-0.19.1.jar;c:\Users\amine\.vscode\extensions\adamvoss.vscode-languagetool-3.8.0\lib\languagetool-languageserver\build\install\languagetool-languageserver\bin\..\lib\flexmark-all-0.19.1.jar;c:\Users\amine\.vscode\extensions\adamvoss.vscode-languagetool-3.8.0\lib\languagetool-languageserver\build\install\languagetool-languageserver\bin\..\lib\flexmark-ext-abbreviation-0.19.1.jar;c:\Users\amine\.vscode\extensions\adamvoss.vscode-languagetool-3.8.0\lib\languagetool-languageserver\build\install\languagetool-languageserver\bin\..\lib\flexmark-ext-anchorlink-0.19.1.jar;c:\Users\amine\.vscode\extensions\adamvoss.vscode-languagetool-3.8.0\lib\languagetool-languageserver\build\install\languagetool-languageserver\bin\..\lib\flexmark-ext-aside-0.19.1.jar;c:\Users\amine\.vscode\extensions\adamvoss.vscode-languagetool-3.8.0\lib\languagetool-languageserver\build\install\languagetool-languageserver\bin\..\lib\flexmark-ext-autolink-0.19.1.jar;c:\Users\amine\.vscode\extensions\adamvoss.vscode-languagetool-3.8.0\lib\languagetool-languageserver\build\install\languagetool-languageserver\bin\..\lib\flexmark-ext-definition-0.19.1.jar;c:\Users\amine\.vscode\extensions\adamvoss.vscode-languagetool-3.8.0\lib\languagetool-languageserver\build\install\languagetool-languageserver\bin\..\lib\flexmark-ext-emoji-0.19.1.jar;c:\Users\amine\.vscode\extensions\adamvoss.vscode-languagetool-3.8.0\lib\languagetool-languageserver\build\install\languagetool-languageserver\bin\..\lib\flexmark-ext-escaped-character-0.19.1.jar;c:\Users\amine\.vscode\extensions\adamvoss.vscode-languagetool-3.8.0\lib\languagetool-languageserver\build\install\languagetool-languageserver\bin\..\lib\flexmark-ext-footnotes-0.19.1.jar;c:\Users\amine\.vscode\extensions\adamvoss.vscode-languagetool-3.8.0\lib\languagetool-languageserver\build\install\languagetool-languageserver\bin\..\lib\flexmark-ext-gfm-strikethrough-0.19.1.jar;c:\Users\amine\.vscode\extensions\adamvoss.vscode-languagetool-3.8.0\lib\languagetool-languageserver\build\install\languagetool-languageserver\bin\..\lib\flexmark-ext-gfm-tables-0.19.1.jar;c:\Users\amine\.vscode\extensions\adamvoss.vscode-languagetool-3.8.0\lib\languagetool-languageserver\build\install\languagetool-languageserver\bin\..\lib\flexmark-ext-gfm-tasklist-0.19.1.jar;c:\Users\amine\.vscode\extensions\adamvoss.vscode-languagetool-3.8.0\lib\languagetool-languageserver\build\install\languagetool-languageserver\bin\..\lib\flexmark-ext-ins-0.19.1.jar;c:\Users\amine\.vscode\extensions\adamvoss.vscode-languagetool-3.8.0\lib\languagetool-languageserver\build\install\languagetool-languageserver\bin\..\lib\flexmark-ext-jekyll-front-matter-0.19.1.jar;c:\Users\amine\.vscode\extensions\adamvoss.vscode-languagetool-3.8.0\lib\languagetool-languageserver\build\install\languagetool-languageserver\bin\..\lib\flexmark-ext-jekyll-tag-0.19.1.jar;c:\Users\amine\.vscode\extensions\adamvoss.vscode-languagetool-3.8.0\lib\languagetool-languageserver\build\install\languagetool-languageserver\bin\..\lib\flexmark-ext-spec-example-0.19.1.jar;c:\Users\amine\.vscode\extensions\adamvoss.vscode-languagetool-3.8.0\lib\languagetool-languageserver\build\install\languagetool-languageserver\bin\..\lib\flexmark-ext-superscript-0.19.1.jar;c:\Users\amine\.vscode\extensions\adamvoss.vscode-languagetool-3.8.0\lib\languagetool-languageserver\build\install\languagetool-languageserver\bin\..\lib\flexmark-ext-tables-0.19.1.jar;c:\Users\amine\.vscode\extensions\adamvoss.vscode-languagetool-3.8.0\lib\languagetool-languageserver\build\install\languagetool-languageserver\bin\..\lib\flexmark-ext-toc-0.19.1.jar;c:\Users\amine\.vscode\extensions\adamvoss.vscode-languagetool-3.8.0\lib\languagetool-languageserver\build\install\languagetool-languageserver\bin\..\lib\flexmark-ext-typographic-0.19.1.jar;c:\Users\amine\.vscode\extensions\adamvoss.vscode-languagetool-3.8.0\lib\languagetool-languageserver\build\install\languagetool-languageserver\bin\..\lib\flexmark-ext-wikilink-0.19.1.jar;c:\Users\amine\.vscode\extensions\adamvoss.vscode-languagetool-3.8.0\lib\languagetool-languageserver\build\install\languagetool-languageserver\bin\..\lib\flexmark-ext-xwiki-macros-0.19.1.jar;c:\Users\amine\.vscode\extensions\adamvoss.vscode-languagetool-3.8.0\lib\languagetool-languageserver\build\install\languagetool-languageserver\bin\..\lib\flexmark-ext-yaml-front-matter-0.19.1.jar;c:\Users\amine\.vscode\extensions\adamvoss.vscode-languagetool-3.8.0\lib\languagetool-languageserver\build\install\languagetool-languageserver\bin\..\lib\flexmark-formatter-0.19.1.jar;c:\Users\amine\.vscode\extensions\adamvoss.vscode-languagetool-3.8.0\lib\languagetool-languageserver\build\install\languagetool-languageserver\bin\..\lib\flexmark-html-parser-0.19.1.jar;c:\Users\amine\.vscode\extensions\adamvoss.vscode-languagetool-3.8.0\lib\languagetool-languageserver\build\install\languagetool-languageserver\bin\..\lib\flexmark-jira-converter-0.19.1.jar;c:\Users\amine\.vscode\extensions\adamvoss.vscode-languagetool-3.8.0\lib\languagetool-languageserver\build\install\languagetool-languageserver\bin\..\lib\flexmark-pdf-converter-0.19.1.jar;c:\Users\amine\.vscode\extensions\adamvoss.vscode-languagetool-3.8.0\lib\languagetool-languageserver\build\install\languagetool-languageserver\bin\..\lib\flexmark-profile-pegdown-0.19.1.jar;c:\Users\amine\.vscode\extensions\adamvoss.vscode-languagetool-3.8.0\lib\languagetool-languageserver\build\install\languagetool-languageserver\bin\..\lib\flexmark-test-util-0.19.1.jar;c:\Users\amine\.vscode\extensions\adamvoss.vscode-languagetool-3.8.0\lib\languagetool-languageserver\build\install\languagetool-languageserver\bin\..\lib\flexmark-util-0.19.1.jar;c:\Users\amine\.vscode\extensions\adamvoss.vscode-languagetool-3.8.0\lib\languagetool-languageserver\build\install\languagetool-languageserver\bin\..\lib\flexmark-youtrack-converter-0.19.1.jar;c:\Users\amine\.vscode\extensions\adamvoss.vscode-languagetool-3.8.0\lib\languagetool-languageserver\build\install\languagetool-languageserver\bin\..\lib\fontbox-2.0.4.jar;c:\Users\amine\.vscode\extensions\adamvoss.vscode-languagetool-3.8.0\lib\languagetool-languageserver\build\install\languagetool-languageserver\bin\..\lib\gson-2.7.jar;c:\Users\amine\.vscode\extensions\adamvoss.vscode-languagetool-3.8.0\lib\languagetool-languageserver\build\install\languagetool-languageserver\bin\..\lib\guava-21.0.jar;c:\Users\amine\.vscode\extensions\adamvoss.vscode-languagetool-3.8.0\lib\languagetool-languageserver\build\install\languagetool-languageserver\bin\..\lib\hamcrest-core-1.3.jar;c:\Users\amine\.vscode\extensions\adamvoss.vscode-languagetool-3.8.0\lib\languagetool-languageserver\build\install\languagetool-languageserver\bin\..\lib\hppc-0.7.2.jar;c:\Users\amine\.vscode\extensions\adamvoss.vscode-languagetool-3.8.0\lib\languagetool-languageserver\build\install\languagetool-languageserver\bin\..\lib\icu4j-58.1.jar;c:\Users\amine\.vscode\extensions\adamvoss.vscode-languagetool-3.8.0\lib\languagetool-languageserver\build\install\languagetool-languageserver\bin\..\lib\jackson-annotations-2.8.0.jar;c:\Users\amine\.vscode\extensions\adamvoss.vscode-languagetool-3.8.0\lib\languagetool-languageserver\build\install\languagetool-languageserver\bin\..\lib\jackson-core-2.8.4.jar;c:\Users\amine\.vscode\extensions\adamvoss.vscode-languagetool-3.8.0\lib\languagetool-languageserver\build\install\languagetool-languageserver\bin\..\lib\jackson-databind-2.8.4.jar;c:\Users\amine\.vscode\extensions\adamvoss.vscode-languagetool-3.8.0\lib\languagetool-languageserver\build\install\languagetool-languageserver\bin\..\lib\jna-4.4.0.jar;c:\Users\amine\.vscode\extensions\adamvoss.vscode-languagetool-3.8.0\lib\languagetool-languageserver\build\install\languagetool-languageserver\bin\..\lib\jsonic-1.2.11.jar;c:\Users\amine\.vscode\extensions\adamvoss.vscode-languagetool-3.8.0\lib\languagetool-languageserver\build\install\languagetool-languageserver\bin\..\lib\jsoup-1.10.2.jar;c:\Users\amine\.vscode\extensions\adamvoss.vscode-languagetool-3.8.0\lib\languagetool-languageserver\build\install\languagetool-languageserver\bin\..\lib\junit-4.12.jar;c:\Users\amine\.vscode\extensions\adamvoss.vscode-languagetool-3.8.0\lib\languagetool-languageserver\build\install\languagetool-languageserver\bin\..\lib\language-detector-0.6.jar;c:\Users\amine\.vscode\extensions\adamvoss.vscode-languagetool-3.8.0\lib\languagetool-languageserver\build\install\languagetool-languageserver\bin\..\lib\languagetool-core-3.8.jar;c:\Users\amine\.vscode\extensions\adamvoss.vscode-languagetool-3.8.0\lib\languagetool-languageserver\build\install\languagetool-languageserver\bin\..\lib\languagetool-languageserver-0.0-SNAPSHOT.jar;c:\Users\amine\.vscode\extensions\adamvoss.vscode-languagetool-3.8.0\lib\languagetool-languageserver\build\install\languagetool-languageserver\bin\..\lib\lucene-backward-codecs-5.5.3.jar;c:\Users\amine\.vscode\extensions\adamvoss.vscode-languagetool-3.8.0\lib\languagetool-languageserver\build\install\languagetool-languageserver\bin\..\lib\lucene-core-5.5.3.jar;c:\Users\amine\.vscode\extensions\adamvoss.vscode-languagetool-3.8.0\lib\languagetool-languageserver\build\install\languagetool-languageserver\bin\..\lib\morfologik-fsa-2.1.3.jar;c:\Users\amine\.vscode\extensions\adamvoss.vscode-languagetool-3.8.0\lib\languagetool-languageserver\build\install\languagetool-languageserver\bin\..\lib\morfologik-fsa-builders-2.1.3.jar;c:\Users\amine\.vscode\extensions\adamvoss.vscode-languagetool-3.8.0\lib\languagetool-languageserver\build\install\languagetool-languageserver\bin\..\lib\morfologik-speller-2.1.3.jar;c:\Users\amine\.vscode\extensions\adamvoss.vscode-languagetool-3.8.0\lib\languagetool-languageserver\build\install\languagetool-languageserver\bin\..\lib\morfologik-stemming-2.1.3.jar;c:\Users\amine\.vscode\extensions\adamvoss.vscode-languagetool-3.8.0\lib\languagetool-languageserver\build\install\languagetool-languageserver\bin\..\lib\openhtmltopdf-core-0.0.1-RC9.jar;c:\Users\amine\.vscode\extensions\adamvoss.vscode-languagetool-3.8.0\lib\languagetool-languageserver\build\install\languagetool-languageserver\bin\..\lib\openhtmltopdf-jsoup-dom-converter-0.0.1-RC9.jar;c:\Users\amine\.vscode\extensions\adamvoss.vscode-languagetool-3.8.0\lib\languagetool-languageserver\build\install\languagetool-languageserver\bin\..\lib\openhtmltopdf-pdfbox-0.0.1-RC9.jar;c:\Users\amine\.vscode\extensions\adamvoss.vscode-languagetool-3.8.0\lib\languagetool-languageserver\build\install\languagetool-languageserver\bin\..\lib\openhtmltopdf-rtl-support-0.0.1-RC9.jar;c:\Users\amine\.vscode\extensions\adamvoss.vscode-languagetool-3.8.0\lib\languagetool-languageserver\build\install\languagetool-languageserver\bin\..\lib\org.eclipse.lsp4j-0.2.0.jar;c:\Users\amine\.vscode\extensions\adamvoss.vscode-languagetool-3.8.0\lib\languagetool-languageserver\build\install\languagetool-languageserver\bin\..\lib\org.eclipse.lsp4j.generator-0.2.0.jar;c:\Users\amine\.vscode\extensions\adamvoss.vscode-languagetool-3.8.0\lib\languagetool-languageserver\build\install\languagetool-languageserver\bin\..\lib\org.eclipse.lsp4j.jsonrpc-0.2.0.jar;c:\Users\amine\.vscode\extensions\adamvoss.vscode-languagetool-3.8.0\lib\languagetool-languageserver\build\install\languagetool-languageserver\bin\..\lib\org.eclipse.xtend.lib-2.12.0.jar;c:\Users\amine\.vscode\extensions\adamvoss.vscode-languagetool-3.8.0\lib\languagetool-languageserver\build\install\languagetool-languageserver\bin\..\lib\org.eclipse.xtend.lib.macro-2.12.0.jar;c:\Users\amine\.vscode\extensions\adamvoss.vscode-languagetool-3.8.0\lib\languagetool-languageserver\build\install\languagetool-languageserver\bin\..\lib\org.eclipse.xtext.xbase.lib-2.12.0.jar;c:\Users\amine\.vscode\extensions\adamvoss.vscode-languagetool-3.8.0\lib\languagetool-languageserver\build\install\languagetool-languageserver\bin\..\lib\pdfbox-2.0.4.jar;c:\Users\amine\.vscode\extensions\adamvoss.vscode-languagetool-3.8.0\lib\languagetool-languageserver\build\install\languagetool-languageserver\bin\..\lib\segment-2.0.0.jar;c:\Users\amine\.vscode\extensions\adamvoss.vscode-languagetool-3.8.0\lib\languagetool-languageserver\build\install\languagetool-languageserver\bin\..\lib\slf4j-api-1.7.6.jar
Launcher Type: SUN_STANDARD

[Global flags]
     intx CICompilerCount                          = 3                                         {product} {ergonomic}
     uint ConcGCThreads                            = 1                                         {product} {ergonomic}
     uint G1ConcRefinementThreads                  = 4                                         {product} {ergonomic}
   size_t G1HeapRegionSize                         = 1048576                                   {product} {ergonomic}
    uintx GCDrainStackTargetSize                   = 64                                        {product} {ergonomic}
   size_t InitialHeapSize                          = 134217728                                 {product} {ergonomic}
   size_t MarkStackSize                            = 4194304                                   {product} {ergonomic}
   size_t MaxHeapSize                              = 2120220672                                {product} {ergonomic}
   size_t MaxNewSize                               = 1271922688                                {product} {ergonomic}
   size_t MinHeapDeltaBytes                        = 1048576                                   {product} {ergonomic}
   size_t MinHeapSize                              = 8388608                                   {product} {ergonomic}
    uintx NonNMethodCodeHeapSize                   = 5832780                                {pd product} {ergonomic}
    uintx NonProfiledCodeHeapSize                  = 122912730                              {pd product} {ergonomic}
    uintx ProfiledCodeHeapSize                     = 122912730                              {pd product} {ergonomic}
    uintx ReservedCodeCacheSize                    = 251658240                              {pd product} {ergonomic}
     bool SegmentedCodeCache                       = true                                      {product} {ergonomic}
   size_t SoftMaxHeapSize                          = 2120220672                             {manageable} {ergonomic}
     bool UseCompressedClassPointers               = true                           {product lp64_product} {ergonomic}
     bool UseCompressedOops                        = true                           {product lp64_product} {ergonomic}
     bool UseG1GC                                  = true                                      {product} {ergonomic}
     bool UseLargePagesIndividualAllocation        = false                                  {pd product} {ergonomic}

Logging:
Log output configuration:
 #0: stdout all=warning uptime,level,tags foldmultilines=false
 #1: stderr all=off uptime,level,tags foldmultilines=false

Environment Variables:
CLASSPATH=c:\Users\amine\.vscode\extensions\adamvoss.vscode-languagetool-3.8.0\lib\languagetool-languageserver\build\install\languagetool-languageserver\bin\..\lib\*
PATH=C:\Program Files\Common Files\Oracle\Java\javapath;C:\Python311\Scripts\;C:\Python311\;C:\oraclexe\app\oracle\product\11.2.0\server\bin;C:\DevSuiteHome_2\jdk\jre\bin\classic;C:\DevSuiteHome_2\jdk\jre\bin;C:\DevSuiteHome_2\jdk\jre\bin\client;C:\DevSuiteHome_2\jlib;C:\DevSuiteHome_2\bin;C:\DevSuiteHome_2\jre\1.4.2\bin\client;C:\DevSuiteHome_2\jre\1.4.2\bin;C:\Program Files (x86)\VMware\VMware Player\bin\;C:\WINDOWS\system32;C:\WINDOWS;C:\WINDOWS\System32\Wbem;C:\WINDOWS\System32\WindowsPowerShell\v1.0\;C:\WINDOWS\System32\OpenSSH\;C:\Program Files\dotnet\;C:\Program Files\Microsoft SQL Server\130\Tools\Binn\;C:\Program Files\Microsoft SQL Server\Client SDK\ODBC\170\Tools\Binn\;C:\Program Files (x86)\Microsoft SQL Server\110\DTS\Binn\;C:\Program Files (x86)\Microsoft SQL Server\120\DTS\Binn\;C:\Program Files (x86)\Microsoft SQL Server\130\DTS\Binn\;C:\Program Files (x86)\Microsoft SQL Server\140\DTS\Binn\;C:\Program Files (x86)\Microsoft SQL Server\150\DTS\Binn\;C:\Program Files (x86)\Microsoft SQL Server\160\DTS\Binn\;C:\Program Files (x86)\Microsoft SQL Server\150\Tools\Binn\;C:\Program Files\Microsoft SQL Server\150\Tools\Binn\;C:\Program Files\Microsoft SQL Server\150\DTS\Binn\;C:\ProgramData\chocolatey\bin;C:\Program Files\Git\cmd;C:\Program Files\nodejs\;C:\Program Files\Docker\Docker\resources\bin;C:\Program Files\Java\jre1.8.0_351\bin;C:\Users\amine\AppData\Local\Programs\Microsoft VS Code\bin;C:\src\flutter_windows_3.3.10-stable\flutter\bin;C:\Program Files\Java\jdk-19\bin;C:\Program Files\MongoDB\Server\6.0\bin;C:\Program Files\Docker\Docker\resources\bin;
USERNAME=amine
OS=Windows_NT
PROCESSOR_IDENTIFIER=Intel64 Family 6 Model 78 Stepping 3, GenuineIntel
TMP=C:\Users\amine\AppData\Local\Temp
TEMP=C:\Users\amine\AppData\Local\Temp



---------------  S Y S T E M  ---------------

OS:
 Windows 10 , 64 bit Build 19041 (10.0.19041.2546)
OS uptime: 1 days 20:49 hours
Hyper-V role detected

CPU: total 4 (initial active 4) (2 cores per cpu, 2 threads per core) family 6 model 78 stepping 3 microcode 0xcc, cx8, cmov, fxsr, ht, mmx, 3dnowpref, sse, sse2, sse3, ssse3, sse4.1, sse4.2, popcnt, lzcnt, tsc, tscinvbit, avx, avx2, aes, erms, clmul, bmi1, bmi2, rtm, adx, fma, vzeroupper, clflush, clflushopt, hv, rdtscp

Memory: 4k page, system-wide physical 8084M (567M free)
TotalPageFile size 13204M (AvailPageFile size 8M)
current process WorkingSet (physical memory assigned to process): 56M, peak: 56M
current process commit charge ("private bytes"): 213M, peak: 213M

vm_info: Java HotSpot(TM) 64-Bit Server VM (19.0.2+7-44) for windows-amd64 JRE (19.0.2+7-44), built on 2022-11-30T18:02:09Z by "mach5one" with MS VC++ 17.1 (VS2022)

END.
